warning: unused import: `NoteLinkStrategy`
  --> src/abel/entity.rs:12:58
   |
12 | use super::{CucaNote, DisplayPositioned, EntityPosition, NoteLinkStrategy, Together};
   |                                                          ^^^^^^^^^^^^^^^^
   |
   = note: `#[warn(unused_imports)]` (part of `#[warn(unused)]`) on by default

warning: unused imports: `count_creole_lines` and `max_creole_plain_line_len`
  --> src/render/svg.rs:27:5
   |
27 |     count_creole_lines, creole_plain_text, get_default_font_family_pub, max_creole_plain_line_len,
   |     ^^^^^^^^^^^^^^^^^^                                                  ^^^^^^^^^^^^^^^^^^^^^^^^^

warning: unused import: `NotePosition`
  --> src/render/svg_activity.rs:49:49
   |
49 |     use crate::model::activity::{ActivityEvent, NotePosition};
   |                                                 ^^^^^^^^^^^^

warning: unused import: `std::fmt::Write`
    --> src/render/svg_sprite.rs:1572:9
     |
1572 |     use std::fmt::Write;
     |         ^^^^^^^^^^^^^^^

warning: unused import: `std::fmt::Write`
    --> src/render/svg_sprite.rs:1599:9
     |
1599 |     use std::fmt::Write;
     |         ^^^^^^^^^^^^^^^

warning: unused import: `std::fmt::Write`
 --> src/render/svg_wbs.rs:2:5
  |
2 | use std::fmt::Write;
  |     ^^^^^^^^^^^^^^^

warning: unused import: `xml_escape`
 --> src/render/svg_wbs.rs:5:36
  |
5 | use crate::klimt::svg::{fmt_coord, xml_escape, LengthAdjust, SvgGraphic};
  |                                    ^^^^^^^^^^

warning: unused import: `ArrowBody`
  --> src/skin/rose.rs:16:5
   |
16 |     ArrowBody, ArrowConfiguration, ArrowDecoration, ArrowDirection, ArrowHead, ArrowPart,
   |     ^^^^^^^^^

warning: unused import: `crate::klimt::geom::XCubicCurve2D`
   --> src/svek/svg_result.rs:359:9
    |
359 |     use crate::klimt::geom::XCubicCurve2D;
    |         ^^^^^^^^^^^^^^^^^^^^^^^^^^^^^^^^^

warning: unused variable: `i`
   --> src/layout/activity.rs:346:10
    |
346 |     for (i, name) in swimlanes.iter().enumerate() {
    |          ^
    |
    = note: `#[warn(unused_variables)]` (part of `#[warn(unused)]`) on by default
help: if this is intentional, prefix it with an underscore
    |
346 |     for (_i, name) in swimlanes.iter().enumerate() {
    |          +
help: you might have meant to pattern match on the similarly named constant `MAX_ITERATIONS`
    |
346 -     for (i, name) in swimlanes.iter().enumerate() {
346 +     for (preproc::Context::process_while::MAX_ITERATIONS, name) in swimlanes.iter().enumerate() {
    |

warning: unused variable: `old_x`
    --> src/layout/activity.rs:1048:17
     |
1048 |             let old_x = swimlane_layouts[i].x;
     |                 ^^^^^
     |
help: if this is intentional, prefix it with an underscore
     |
1048 |             let _old_x = swimlane_layouts[i].x;
     |                 +
help: you might have meant to pattern match on the similarly named constant `DEFAULT_RANKSEP_IN`
     |
1048 -             let old_x = swimlane_layouts[i].x;
1048 +             let svek::utils::DEFAULT_RANKSEP_IN = swimlane_layouts[i].x;
     |

warning: unused variable: `y_cursor`
    --> src/layout/activity.rs:1235:5
     |
1235 |     y_cursor: f64,
     |     ^^^^^^^^
     |
help: if this is intentional, prefix it with an underscore
     |
1235 |     _y_cursor: f64,
     |     +
help: you might have meant to pattern match on the similarly named constant `DEFAULT_RANKSEP_IN`
     |
1235 -     y_cursor: f64,
1235 +     svek::utils::DEFAULT_RANKSEP_IN: f64,
     |

warning: unused variable: `box_idx`
   --> src/layout/json_diagram.rs:270:9
    |
270 |     let box_idx = boxes.len();
    |         ^^^^^^^
    |
help: if this is intentional, prefix it with an underscore
    |
270 |     let _box_idx = boxes.len();
    |         +
help: you might have meant to pattern match on the similarly named constant `MAX_ITERATIONS`
    |
270 -     let box_idx = boxes.len();
270 +     let preproc::Context::process_while::MAX_ITERATIONS = boxes.len();
    |

warning: unused variable: `i`
   --> src/layout/json_diagram.rs:299:10
    |
299 |     for (i, row_spec) in spec.rows.iter().enumerate() {
    |          ^
    |
help: if this is intentional, prefix it with an underscore
    |
299 |     for (_i, row_spec) in spec.rows.iter().enumerate() {
    |          +
help: you might have meant to pattern match on the similarly named constant `MAX_ITERATIONS`
    |
299 -     for (i, row_spec) in spec.rows.iter().enumerate() {
299 +     for (preproc::Context::process_while::MAX_ITERATIONS, row_spec) in spec.rows.iter().enumerate() {
    |

warning: unused variable: `trailing_padding`
    --> src/layout/sequence_teoz/builder.rs:1468:25
     |
1468 |                     let trailing_padding = FRAG_BOTTOM_PADDING + tiles[tile_idx].preferred_height();
     |                         ^^^^^^^^^^^^^^^^
     |
help: if this is intentional, prefix it with an underscore
     |
1468 |                     let _trailing_padding = FRAG_BOTTOM_PADDING + tiles[tile_idx].preferred_height();
     |                         +
help: you might have meant to pattern match on the similarly named constant `DEFAULT_RANKSEP_IN`
     |
1468 -                     let trailing_padding = FRAG_BOTTOM_PADDING + tiles[tile_idx].preferred_height();
1468 +                     let svek::utils::DEFAULT_RANKSEP_IN = FRAG_BOTTOM_PADDING + tiles[tile_idx].preferred_height();
     |

warning: unused variable: `sm_cx`
    --> src/layout/sequence_teoz/builder.rs:2161:29
     |
2161 |                         let sm_cx = get_x(livings[sm_pidx].pos_c);
     |                             ^^^^^
     |
help: if this is intentional, prefix it with an underscore
     |
2161 |                         let _sm_cx = get_x(livings[sm_pidx].pos_c);
     |                             +
help: you might have meant to pattern match on the similarly named constant `DEFAULT_RANKSEP_IN`
     |
2161 -                         let sm_cx = get_x(livings[sm_pidx].pos_c);
2161 +                         let svek::utils::DEFAULT_RANKSEP_IN = get_x(livings[sm_pidx].pos_c);
     |

warning: unused variable: `depth`
    --> src/layout/sequence_teoz/builder.rs:2307:25
     |
2307 |                     let depth = fragment_stack.len(); // 0 for outermost
     |                         ^^^^^
     |
help: if this is intentional, prefix it with an underscore
     |
2307 |                     let _depth = fragment_stack.len(); // 0 for outermost
     |                         +
help: you might have meant to pattern match on the similarly named constant `MAX_ITERATIONS`
     |
2307 -                     let depth = fragment_stack.len(); // 0 for outermost
2307 +                     let preproc::Context::process_while::MAX_ITERATIONS = fragment_stack.len(); // 0 for outermost
     |

warning: unused variable: `height`
    --> src/layout/sequence_teoz/builder.rs:2385:45
     |
2385 |                     TeozTile::SelfMessage { height, y, .. } => {
     |                                             ^^^^^^-
     |                                             |
     |                                             help: try removing the field

warning: unused variable: `has_open_left`
   --> src/parser/sequence.rs:969:9
    |
969 |     let has_open_left =
    |         ^^^^^^^^^^^^^ help: if this is intentional, prefix it with an underscore: `_has_open_left`

warning: unused variable: `has_open_right`
   --> src/parser/sequence.rs:973:9
    |
973 |     let has_open_right =
    |         ^^^^^^^^^^^^^^ help: if this is intentional, prefix it with an underscore: `_has_open_right`

warning: unused variable: `cx`
    --> src/render/svg.rs:3319:17
     |
3319 |             let cx = fmt_coord(ecx);
     |                 ^^ help: if this is intentional, prefix it with an underscore: `_cx`

warning: unused variable: `cy`
    --> src/render/svg.rs:3320:17
     |
3320 |             let cy = fmt_coord(ecy);
     |                 ^^ help: if this is intentional, prefix it with an underscore: `_cy`

warning: unused variable: `rx`
    --> src/render/svg.rs:3332:17
     |
3332 |             let rx = fmt_coord(rect_x);
     |                 ^^ help: if this is intentional, prefix it with an underscore: `_rx`

warning: unused variable: `ry`
    --> src/render/svg.rs:3333:17
     |
3333 |             let ry = fmt_coord(rect_y);
     |                 ^^ help: if this is intentional, prefix it with an underscore: `_ry`

warning: unused variable: `sprite_w`
   --> src/render/svg_activity.rs:390:21
    |
390 |                 let sprite_w = info.vb_width * sprite_scale;
    |                     ^^^^^^^^
    |
help: if this is intentional, prefix it with an underscore
    |
390 |                 let _sprite_w = info.vb_width * sprite_scale;
    |                     +
help: you might have meant to pattern match on the similarly named constant `DEFAULT_RANKSEP_IN`
    |
390 -                 let sprite_w = info.vb_width * sprite_scale;
390 +                 let svek::utils::DEFAULT_RANKSEP_IN = info.vb_width * sprite_scale;
    |

warning: unused variable: `tl`
    --> src/render/svg_component.rs:1120:9
     |
1120 |     let tl = font_metrics::text_width(&node.name, "SansSerif", FONT_SIZE, false, false);
     |         ^^
     |
help: if this is intentional, prefix it with an underscore
     |
1120 |     let _tl = font_metrics::text_width(&node.name, "SansSerif", FONT_SIZE, false, false);
     |         +
help: you might have meant to pattern match on the similarly named constant `DEFAULT_RANKSEP_IN`
     |
1120 -     let tl = font_metrics::text_width(&node.name, "SansSerif", FONT_SIZE, false, false);
1120 +     let svek::utils::DEFAULT_RANKSEP_IN = font_metrics::text_width(&node.name, "SansSerif", FONT_SIZE, false, false);
     |

warning: unused variable: `display_names`
   --> src/render/svg_sequence.rs:306:5
    |
306 |     display_names: &std::collections::HashMap<&str, &str>,
    |     ^^^^^^^^^^^^^ help: if this is intentional, prefix it with an underscore: `_display_names`

warning: unused variable: `stickman_height`
   --> src/render/svg_sequence.rs:683:9
    |
683 |     let stickman_height = head_diam + body_length + legs_y + 2.0 * thickness + 1.0;
    |         ^^^^^^^^^^^^^^^
    |
help: if this is intentional, prefix it with an underscore
    |
683 |     let _stickman_height = head_diam + body_length + legs_y + 2.0 * thickness + 1.0;
    |         +
help: you might have meant to pattern match on the similarly named constant `DEFAULT_RANKSEP_IN`
    |
683 -     let stickman_height = head_diam + body_length + legs_y + 2.0 * thickness + 1.0;
683 +     let svek::utils::DEFAULT_RANKSEP_IN = head_diam + body_length + legs_y + 2.0 * thickness + 1.0;
    |

warning: unused variable: `margin_y1`
    --> src/render/svg_sequence.rs:1274:9
     |
1274 |     let margin_y1 = 5.0_f64;
     |         ^^^^^^^^^
     |
help: if this is intentional, prefix it with an underscore
     |
1274 |     let _margin_y1 = 5.0_f64;
     |         +
help: you might have meant to pattern match on the similarly named constant `DEFAULT_RANKSEP_IN`
     |
1274 -     let margin_y1 = 5.0_f64;
1274 +     let svek::utils::DEFAULT_RANKSEP_IN = 5.0_f64;
     |

warning: unused variable: `xpos`
    --> src/render/svg_sequence.rs:2352:13
     |
2352 |         let xpos = divider.component_y; // dummy, we compute from area
     |             ^^^^
     |
help: if this is intentional, prefix it with an underscore
     |
2352 |         let _xpos = divider.component_y; // dummy, we compute from area
     |             +
help: you might have meant to pattern match on the similarly named constant `DEFAULT_RANKSEP_IN`
     |
2352 -         let xpos = divider.component_y; // dummy, we compute from area
2352 +         let svek::utils::DEFAULT_RANKSEP_IN = divider.component_y; // dummy, we compute from area
     |

warning: unused variable: `dot`
   --> src/render/svg_sprite.rs:425:17
    |
425 |     if let Some(dot) = s.find('.') {
    |                 ^^^
    |
help: if this is intentional, prefix it with an underscore
    |
425 |     if let Some(_dot) = s.find('.') {
    |                 +
help: you might have meant to pattern match on the similarly named constant `MAX_ITERATIONS`
    |
425 -     if let Some(dot) = s.find('.') {
425 +     if let Some(preproc::Context::process_while::MAX_ITERATIONS) = s.find('.') {
    |

warning: unused variable: `name_escaped`
   --> src/render/svg_state.rs:674:9
    |
674 |     let name_escaped = xml_escape(&node.name);
    |         ^^^^^^^^^^^^ help: if this is intentional, prefix it with an underscore: `_name_escaped`

warning: unused variable: `ent_id`
   --> src/render/svg_state.rs:675:9
    |
675 |     let ent_id = ent_id_map
    |         ^^^^^^ help: if this is intentional, prefix it with an underscore: `_ent_id`

warning: unused variable: `y_prev`
   --> src/render/svg_state.rs:948:24
    |
948 |     let (_, _, x_prev, y_prev) = coord_positions[n - 3];
    |                        ^^^^^^
    |
help: if this is intentional, prefix it with an underscore
    |
948 |     let (_, _, x_prev, _y_prev) = coord_positions[n - 3];
    |                        +
help: you might have meant to pattern match on the similarly named constant `DEFAULT_RANKSEP_IN`
    |
948 -     let (_, _, x_prev, y_prev) = coord_positions[n - 3];
948 +     let (_, _, x_prev, svek::utils::DEFAULT_RANKSEP_IN) = coord_positions[n - 3];
    |

warning: field `0` is never read
   --> src/klimt/svg.rs:177:11
    |
177 |     Group(String),
    |     ----- ^^^^^^
    |     |
    |     field in this variant
    |
    = note: `GroupEntry` has derived impls for the traits `Clone` and `Debug`, but these are intentionally ignored during dead code analysis
    = note: `#[warn(dead_code)]` (part of `#[warn(unused)]`) on by default
help: consider changing the field to be of unit type to suppress this warning while preserving the field numbering, or remove the field
    |
177 -     Group(String),
177 +     Group(()),
    |

warning: field `0` is never read
   --> src/klimt/svg.rs:178:10
    |
178 |     Link(String),
    |     ---- ^^^^^^
    |     |
    |     field in this variant
    |
    = note: `GroupEntry` has derived impls for the traits `Clone` and `Debug`, but these are intentionally ignored during dead code analysis
help: consider changing the field to be of unit type to suppress this warning while preserving the field numbering, or remove the field
    |
178 -     Link(String),
178 +     Link(()),
    |

warning: constant `CLASS_ATTR_FONT_SIZE` is never used
  --> src/layout/mod.rs:72:7
   |
72 | const CLASS_ATTR_FONT_SIZE: f64 = 10.0;
   |       ^^^^^^^^^^^^^^^^^^^^

warning: constant `MEMBER_BLOCK_HEIGHT_ONE_ROW` is never used
   --> src/layout/mod.rs:107:7
    |
107 | const MEMBER_BLOCK_HEIGHT_ONE_ROW: f64 = 24.296875;
    |       ^^^^^^^^^^^^^^^^^^^^^^^^^^^

warning: function `split_name_display_lines` is never used
   --> src/layout/mod.rs:580:15
    |
580 | pub(crate) fn split_name_display_lines(name: &str) -> Vec<String> {
    |               ^^^^^^^^^^^^^^^^^^^^^^^^

warning: constant `SWIMLANE_MIN_WIDTH` is never used
  --> src/layout/activity.rs:94:7
   |
94 | const SWIMLANE_MIN_WIDTH: f64 = 80.0;
   |       ^^^^^^^^^^^^^^^^^^

warning: constant `NODE_SPACING_X` is never used
   --> src/layout/component.rs:100:7
    |
100 | const NODE_SPACING_X: f64 = 35.0;
    |       ^^^^^^^^^^^^^^

warning: constant `NODE_SPACING_Y` is never used
   --> src/layout/component.rs:101:7
    |
101 | const NODE_SPACING_Y: f64 = 50.0;
    |       ^^^^^^^^^^^^^^

warning: constant `GROUP_PADDING` is never used
   --> src/layout/component.rs:102:7
    |
102 | const GROUP_PADDING: f64 = 20.0;
    |       ^^^^^^^^^^^^^

warning: constant `GROUP_HEADER` is never used
   --> src/layout/component.rs:103:7
    |
103 | const GROUP_HEADER: f64 = 30.0;
    |       ^^^^^^^^^^^^

warning: constant `GRID_COLS` is never used
   --> src/layout/component.rs:107:7
    |
107 | const GRID_COLS: usize = 3;
    |       ^^^^^^^^^

warning: function `apply_direction_transform` is never used
   --> src/layout/component.rs:528:4
    |
528 | fn apply_direction_transform(
    |    ^^^^^^^^^^^^^^^^^^^^^^^^^

warning: function `layout_edges` is never used
   --> src/layout/component.rs:614:4
    |
614 | fn layout_edges(
    |    ^^^^^^^^^^^^

warning: function `route_with_hint` is never used
   --> src/layout/component.rs:674:4
    |
674 | fn route_with_hint(
    |    ^^^^^^^^^^^^^^^

warning: function `route_auto` is never used
   --> src/layout/component.rs:702:4
    |
702 | fn route_auto(
    |    ^^^^^^^^^^

warning: constant `LEVEL_INDENT` is never used
  --> src/layout/mindmap.rs:85:7
   |
85 | const LEVEL_INDENT: f64 = 200.0;
   |       ^^^^^^^^^^^^

warning: function `estimate_node_size` is never used
   --> src/layout/mindmap.rs:114:4
    |
114 | fn estimate_node_size(text: &str, is_root: bool) -> (f64, f64, Vec<String>) {
    |    ^^^^^^^^^^^^^^^^^^

warning: function `compute_subtree_info` is never used
   --> src/layout/mindmap.rs:208:4
    |
208 | fn compute_subtree_info(node: &MindmapNode) -> SubtreeInfo {
    |    ^^^^^^^^^^^^^^^^^^^^

warning: field `frag_header_height` is never read
  --> src/layout/sequence.rs:63:5
   |
53 | struct LayoutParams {
   |        ------------ field in this struct
...
63 |     frag_header_height: f64,
   |     ^^^^^^^^^^^^^^^^^^

warning: constant `PARTICIPANT_GAP` is never used
  --> src/layout/sequence_teoz/builder.rs:53:7
   |
53 | const PARTICIPANT_GAP: f64 = 5.0;
   |       ^^^^^^^^^^^^^^^

warning: function `active_left_shift` is never used
   --> src/layout/sequence_teoz/builder.rs:330:4
    |
330 | fn active_left_shift(level: usize) -> f64 {
    |    ^^^^^^^^^^^^^^^^^

warning: function `live_thickness_width` is never used
   --> src/layout/sequence_teoz/builder.rs:342:4
    |
342 | fn live_thickness_width(level: usize) -> f64 {
    |    ^^^^^^^^^^^^^^^^^^^^

warning: function `is_last_tile_self_message` is never used
   --> src/layout/sequence_teoz/builder.rs:660:4
    |
660 | fn is_last_tile_self_message(tiles: &[TeozTile]) -> bool {
    |    ^^^^^^^^^^^^^^^^^^^^^^^^^

warning: function `build_position_map` is never used
   --> src/layout/state.rs:986:4
    |
986 | fn build_position_map(nodes: &[StateNodeLayout]) -> HashMap<String, (f64, f64, f64, f64)> {
    |    ^^^^^^^^^^^^^^^^^^

warning: function `collect_positions` is never used
   --> src/layout/state.rs:993:4
    |
993 | fn collect_positions(nodes: &[StateNodeLayout], map: &mut HashMap<String, (f64, f64, f64, f64)>) {
    |    ^^^^^^^^^^^^^^^^^

warning: function `layout_transitions` is never used
    --> src/layout/state.rs:1001:4
     |
1001 | fn layout_transitions(
     |    ^^^^^^^^^^^^^^^^^^

warning: function `apply_direction_transform` is never used
    --> src/layout/state.rs:1443:4
     |
1443 | fn apply_direction_transform(
     |    ^^^^^^^^^^^^^^^^^^^^^^^^^

warning: function `transform_state_nodes_swap_xy` is never used
    --> src/layout/state.rs:1502:4
     |
1502 | fn transform_state_nodes_swap_xy(nodes: &mut [StateNodeLayout]) {
     |    ^^^^^^^^^^^^^^^^^^^^^^^^^^^^^

warning: function `transform_state_nodes_mirror_x` is never used
    --> src/layout/state.rs:1511:4
     |
1511 | fn transform_state_nodes_mirror_x(nodes: &mut [StateNodeLayout], total_width: f64) {
     |    ^^^^^^^^^^^^^^^^^^^^^^^^^^^^^^

warning: function `transform_state_nodes_mirror_y` is never used
    --> src/layout/state.rs:1519:4
     |
1519 | fn transform_state_nodes_mirror_y(nodes: &mut [StateNodeLayout], total_height: f64) {
     |    ^^^^^^^^^^^^^^^^^^^^^^^^^^^^^^

warning: constant `EDGE_GAP` is never used
  --> src/layout/wbs.rs:71:7
   |
71 | const EDGE_GAP: f64 = 20.0;
   |       ^^^^^^^^

warning: constant `NODE_SPACING` is never used
  --> src/layout/wbs.rs:72:7
   |
72 | const NODE_SPACING: f64 = 20.0;
   |       ^^^^^^^^^^^^

warning: constant `PADDING` is never used
  --> src/render/svg.rs:52:7
   |
52 | const PADDING: f64 = 3.0;
   |       ^^^^^^^

warning: constant `CIRCLE_LEFT_PAD` is never used
  --> src/render/svg.rs:64:7
   |
64 | const CIRCLE_LEFT_PAD: f64 = 4.0;
   |       ^^^^^^^^^^^^^^^

warning: constant `CIRCLE_DIAMETER` is never used
  --> src/render/svg.rs:66:7
   |
66 | const CIRCLE_DIAMETER: f64 = 22.0;
   |       ^^^^^^^^^^^^^^^

warning: constant `MEMBER_ROW_HEIGHT` is never used
  --> src/render/svg.rs:98:7
   |
98 | const MEMBER_ROW_HEIGHT: f64 = 16.296875;
   |       ^^^^^^^^^^^^^^^^^

warning: constant `MEMBER_BLOCK_HEIGHT_ONE_ROW` is never used
   --> src/render/svg.rs:100:7
    |
100 | const MEMBER_BLOCK_HEIGHT_ONE_ROW: f64 = 24.296875;
    |       ^^^^^^^^^^^^^^^^^^^^^^^^^^^

warning: constant `MEMBER_ICON_Y_FROM_SEP` is never used
   --> src/render/svg.rs:102:7
    |
102 | const MEMBER_ICON_Y_FROM_SEP: f64 = 8.6484375;
    |       ^^^^^^^^^^^^^^^^^^^^^^

warning: constant `MEMBER_ICON_DRAW_OFFSET` is never used
   --> src/render/svg.rs:104:7
    |
104 | const MEMBER_ICON_DRAW_OFFSET: f64 = 2.0;
    |       ^^^^^^^^^^^^^^^^^^^^^^^

warning: constant `MEMBER_ICON_RADIUS` is never used
   --> src/render/svg.rs:106:7
    |
106 | const MEMBER_ICON_RADIUS: f64 = 3.0;
    |       ^^^^^^^^^^^^^^^^^^

warning: constant `MEMBER_TEXT_Y_OFFSET` is never used
   --> src/render/svg.rs:114:7
    |
114 | const MEMBER_TEXT_Y_OFFSET: f64 = 16.995117;
    |       ^^^^^^^^^^^^^^^^^^^^

warning: function `write_svg_root` is never used
   --> src/render/svg.rs:194:15
    |
194 | pub(crate) fn write_svg_root(buf: &mut String, w: f64, h: f64, diagram_type: &str) {
    |               ^^^^^^^^^^^^^^

warning: function `offset_glyph_path_xy` is never used
    --> src/render/svg.rs:2438:4
     |
2438 | fn offset_glyph_path_xy(path: &str, dx: f64, dy: f64) -> String {
     |    ^^^^^^^^^^^^^^^^^^^^

warning: function `format_member` is never used
    --> src/render/svg.rs:3464:4
     |
3464 | fn format_member(m: &Member) -> String {
     |    ^^^^^^^^^^^^^

warning: function `render_swimlane` is never used
   --> src/render/svg_activity.rs:676:4
    |
676 | fn render_swimlane(
    |    ^^^^^^^^^^^^^^^

warning: function `render_edge` is never used
  --> src/render/svg_mindmap.rs:93:4
   |
93 | fn render_edge(sg: &mut SvgGraphic, edge: &MindmapEdgeLayout, color: &str) {
   |    ^^^^^^^^^^^

warning: function `render_node` is never used
   --> src/render/svg_mindmap.rs:115:4
    |
115 | fn render_node(
    |    ^^^^^^^^^^^

warning: constant `FRAG_SEP_LABEL_Y_OFFSET` is never used
  --> src/render/svg_sequence.rs:40:7
   |
40 | const FRAG_SEP_LABEL_Y_OFFSET: f64 = 10.2104;
   |       ^^^^^^^^^^^^^^^^^^^^^^^

warning: function `convert_single_element` is never used
   --> src/render/svg_sprite.rs:707:4
    |
707 | fn convert_single_element(
    |    ^^^^^^^^^^^^^^^^^^^^^^

warning: method `is_opalisable` is never used
   --> src/svek/edge.rs:952:8
    |
433 | impl SvekEdge {
    | ------------- method in this implementation
...
952 |     fn is_opalisable(&self) -> bool {
    |        ^^^^^^^^^^^^^

warning: function `parse_points` is never used
   --> src/svek/svg_result.rs:324:4
    |
324 | fn parse_points(s: &str) -> Vec<XPoint2D> {
    |    ^^^^^^^^^^^^

warning: function `parse_svg_path_to_dotpath` is never used
   --> src/svek/svg_result.rs:346:4
    |
346 | fn parse_svg_path_to_dotpath(d: &str) -> Option<crate::klimt::shape::DotPath> {
    |    ^^^^^^^^^^^^^^^^^^^^^^^^^

