======================================================================
  Reference Test Failure Analysis
  221 passed / 75 failed / 296 total
======================================================================

──────────────────────────────────────────────────────────────────────
  BY DIAGRAM TYPE
──────────────────────────────────────────────────────────────────────
    28  SEQUENCE
    14  DESCRIPTION
    12  STATE
     9  CLASS
     4  CHEN_EER
     3  ACTIVITY
     2  MINDMAP
     2  TIMING
     1  GANTT

──────────────────────────────────────────────────────────────────────
  BY ROOT CAUSE
──────────────────────────────────────────────────────────────────────
    35  svg_height/large(>30px)
        [DESCRIPTION:10, SEQUENCE:9, CLASS:6, STATE:4, CHEN_EER:3]
    27  svg_height/medium(6-30px)
        [SEQUENCE:11, STATE:5, DESCRIPTION:4, CLASS:3, MINDMAP:2]
     4  style_attr
        [SEQUENCE:3, STATE:1]
     3  coordinate
        [ACTIVITY:2, STATE:1]
     3  viewport_width/medium(6-30px)
        [SEQUENCE:3]
     2  viewport_width/large(>30px)
        [SEQUENCE:2]
     1  svg_height/tiny(<=2px)
        [STATE:1]

──────────────────────────────────────────────────────────────────────
  KEYWORD ANALYSIS (puml content tags)
──────────────────────────────────────────────────────────────────────
    23  teoz  [svg_height/medium(6-30px):10, svg_height/large(>30px):6, viewport_width/medium(6-30px):3]
    18  newline_func  [svg_height/medium(6-30px):9, svg_height/large(>30px):8, svg_height/tiny(<=2px):1]
    17  creole_markup  [svg_height/large(>30px):8, svg_height/medium(6-30px):3, coordinate:2]
     7  theme  [svg_height/large(>30px):3, svg_height/medium(6-30px):2, viewport_width/large(>30px):2]
     5  sprite  [svg_height/large(>30px):3, svg_height/medium(6-30px):2]
     2  left_self_msg  [viewport_width/medium(6-30px):2]
     2  skinparam_font  [svg_height/large(>30px):2]
     1  url_link  [svg_height/medium(6-30px):1]
     1  handwritten  [svg_height/medium(6-30px):1]
     1  maxmessagesize  [style_attr:1]

──────────────────────────────────────────────────────────────────────
  HEIGHT DELTA DISTRIBUTION (for height-related failures)
──────────────────────────────────────────────────────────────────────
  SEQUENCE     ( 20): min= -144  median=  -29  max= +439
  DESCRIPTION  ( 14): min= -252  median=  -28  max= +317
  STATE        ( 10): min=  -19  median=   -1  max= +109
  CLASS        (  9): min= -442  median=  -62  max=  +13
  CHEN_EER     (  4): min=   -6  median= +318  max= +318
  MINDMAP      (  2): min=  +16  median=  +16  max=  +16
  TIMING       (  2): min=  -51  median=  -34  max=  -34
  ACTIVITY     (  1): min= -441  median= -441  max= -441
  GANTT        (  1): min=  -25  median=  -25  max=  -25

──────────────────────────────────────────────────────────────────────
  SEQUENCE DIAGRAM BREAKDOWN
──────────────────────────────────────────────────────────────────────
  Teoz:      23 tests
  Non-teoz:   5 tests
  Non-teoz keyword breakdown:
      3  creole_markup
      2  sprite
      1  handwritten
      1  maxmessagesize

──────────────────────────────────────────────────────────────────────
  WIDTH-ONLY FAILURES (5 tests)
──────────────────────────────────────────────────────────────────────
    -69px  SEQUENCE      nonreg_simple_TeozAltElseParallel_0001_puml
          keywords: teoz, theme
    -69px  SEQUENCE      preprocessor_teozaltelseparallel_0001_puml
          keywords: teoz, theme
    -13px  SEQUENCE      nonreg_simple_SequenceLeftMessageAndActiveLifeLines_0001_puml
          keywords: left_self_msg, teoz
    -13px  SEQUENCE      preprocessor_sequenceleftmessageandactivelifelines_0001_puml
          keywords: left_self_msg, teoz
     +8px  SEQUENCE      nonreg_simple_SequenceArrows_0002_puml
          keywords: creole_markup, teoz

──────────────────────────────────────────────────────────────────────
  NEARLY PASSING (sorted by total dimensional error)
──────────────────────────────────────────────────────────────────────
      1      w=?     h-1  STATE         state_state_monoline_03_puml [width-unknown]
                                          creole_markup,newline_func
      6      w=?     h-6  CHEN_EER      nonreg_simple_ChenRankDir_puml [width-unknown]
      6      w=?     h-6  STATE         nonreg_scxml_SCXML0003_puml [width-unknown]
      6      w=?     h-6  STATE         state_scxml0003_puml [width-unknown]
      8      w+8    h=ok  SEQUENCE      nonreg_simple_SequenceArrows_0002_puml [width-only]
                                          creole_markup,teoz
     12      w=?    h-12  SEQUENCE      nonreg_simple_TeozTimelineIssues_0002_puml [width-unknown]
                                          teoz
     12      w=?    h-12  SEQUENCE      preprocessor_teoztimelineissues_0002_puml [width-unknown]
                                          teoz
     13      w=?    h+13  CLASS         dev_jaws_jaws3_puml [width-unknown]
                                          newline_func
     13     w-13    h=ok  SEQUENCE      nonreg_simple_SequenceLeftMessageAndActiveLifeLines_0001_puml [width-only]
                                          left_self_msg,teoz
     13      w=?    h+13  CLASS         preprocessor_jaws3_puml [width-unknown]
                                          newline_func
     13     w-13    h=ok  SEQUENCE      preprocessor_sequenceleftmessageandactivelifelines_0001_puml [width-only]
                                          left_self_msg,teoz
     16      w=?    h+16  MINDMAP       dev_jaws_jaws12_puml [width-unknown]
                                          creole_markup,newline_func
     16      w=?    h+16  MINDMAP       mindmap_jaws12_puml [width-unknown]
                                          creole_markup,newline_func
     17      w=?    h-17  SEQUENCE      nonreg_simple_TeozAltElseParallel_0006_puml [width-unknown]
                                          teoz
     17      w=?    h-17  SEQUENCE      preprocessor_teozaltelseparallel_0006_puml [width-unknown]
                                          teoz
     18      w=?    h-18  STATE         nonreg_scxml_SCXML0002_puml [width-unknown]
     18      w=?    h-18  STATE         state_scxml0002_puml [width-unknown]
     19      w=?    h-19  STATE         state_state_fork001_puml [width-unknown]
     20      w=?    h-20  CLASS         misc_link_url_tooltip_04_puml [width-unknown]
                                          creole_markup,newline_func,url_link
     21      w=?    h-21  DESCRIPTION   component_jaws5_puml [width-unknown]
                                          newline_func,sprite
     21      w=?    h-21  DESCRIPTION   dev_jaws_jaws5_puml [width-unknown]
                                          newline_func,sprite
     22      w=?    h-22  SEQUENCE      misc_skinparam_handwritten001_puml [width-unknown]
                                          handwritten
     24      w=?    h-24  SEQUENCE      nonreg_simple_TeozAltElseParallel_0005_puml [width-unknown]
                                          teoz
     24      w=?    h-24  SEQUENCE      preprocessor_teozaltelseparallel_0005_puml [width-unknown]
                                          teoz
     25      w=?    h-25  GANTT         nonreg_simple_A0003_puml [width-unknown]
     28      w=?    h-28  DESCRIPTION   dev_newline_deployment_on_name_puml [width-unknown]
                                          newline_func
     28      w=?    h-28  DESCRIPTION   misc_deployment_on_name_puml [width-unknown]
                                          newline_func
     29      w=?    h-29  SEQUENCE      nonreg_simple_TeozAltElseParallel_0002_puml [width-unknown]
                                          teoz,theme
     29      w=?    h-29  SEQUENCE      nonreg_simple_TeozAltElseParallel_0004_puml [width-unknown]
                                          teoz
     29      w=?    h-29  SEQUENCE      preprocessor_teozaltelseparallel_0002_puml [width-unknown]
                                          teoz,theme
